[    2694ms] TagError: adsbygoogle.push() error: Invalid responsive width from Matched Content slot 5016650851: 0. Please ensure to put this Matched Content slot into a non-zero width div container.
    at yo (https://pagead2.googlesyndication.com/pagead/js/adsbygoogle.js?client=ca-pub-2453235401343800:156:38)
    at xo (https://pagead2.googlesyndication.com/pagead/js/adsbygoogle.js?client=ca-pub-2453235401343800:153:18)
    at Zo (https://pagead2.googlesyndication.com/pagead/js/adsbygoogle.js?client=ca-pub-2453235401343800:174:354)
    at Yo (https://pagead2.googlesyndication.com/pagead/js/adsbygoogle.js?client=ca-pub-2453235401343800:165:155)
    at fp (https://pagead2.googlesyndication.com/pagead/js/adsbygoogle.js?client=ca-pub-2453235401343800:181:15)
    at hp (https://pagead2.googlesyndication.com/pagead/js/adsbygoogle.js?client=ca-pub-2453235401343800:182:342)
    at ur (https://pagead2.googlesyndication.com/pagead/js/adsbygoogle.js?client=ca-pub-2453235401343800:231:66)
    at g.client (https://pagead2.googlesyndication.com/pagead/js/adsbygoogle.js?client=ca-pub-2453235401343800:221:47)
    at Xj.g (https://pagead2.googlesyndication.com/pagead/js/adsbygoogle.js?client=ca-pub-2453235401343800:79:555)
    at ek (https://pagead2.googlesyndication.com/pagead/js/adsbygoogle.js?client=ca-pub-2453235401343800:80:706)
[    2694ms] TagError: adsbygoogle.push() error: All 'ins' elements in the DOM with class=adsbygoogle already have ads in them.
    at Fr (https://pagead2.googlesyndication.com/pagead/js/adsbygoogle.js?client=ca-pub-2453235401343800:234:255)
    at ur (https://pagead2.googlesyndication.com/pagead/js/adsbygoogle.js?client=ca-pub-2453235401343800:229:480)
    at g.client (https://pagead2.googlesyndication.com/pagead/js/adsbygoogle.js?client=ca-pub-2453235401343800:221:47)
    at Xj.g (https://pagead2.googlesyndication.com/pagead/js/adsbygoogle.js?client=ca-pub-2453235401343800:79:555)
    at ek (https://pagead2.googlesyndication.com/pagead/js/adsbygoogle.js?client=ca-pub-2453235401343800:80:706)
    at pr (https://pagead2.googlesyndication.com/pagead/js/adsbygoogle.js?client=ca-pub-2453235401343800:221:35)
    at or (https://pagead2.googlesyndication.com/pagead/js/adsbygoogle.js?client=ca-pub-2453235401343800:218:132)
    at https://pagead2.googlesyndication.com/pagead/js/adsbygoogle.js?client=ca-pub-2453235401343800:243:61
    at Xj.g (https://pagead2.googlesyndication.com/pagead/js/adsbygoogle.js?client=ca-pub-2453235401343800:79:555)
    at ek (https://pagead2.googlesyndication.com/pagead/js/adsbygoogle.js?client=ca-pub-2453235401343800:80:706)
[    7634ms] [ERROR] Attestation check for Shared Storage on https://www.googleadservices.com failed. @ https://www.googleadservices.com/pagead/managed/js/activeview/current/reach_worklet.html:0
[    7639ms] [ERROR] Attestation check for Shared Storage on https://www.googleadservices.com failed. @ https://www.googleadservices.com/pagead/managed/js/activeview/current/reach_worklet.html:0
