[    8079ms] [WARNING] Unrecognized DevSite custom element - DevsiteCaptcha NotSupportedError: Failed to execute 'define' on 'CustomElementRegistry': the name "devsite-captcha" has already been used with this registry
    at https://www.gstatic.com/devrel-devsite/prod/v579073a50c63499824df5a68b8922367066583d283ef78fdade1028efdb4ceb5/developers/js/devsite_app_custom_elements_module__zh_cn.js:2232:329
    at https://www.gstatic.com/devrel-devsite/prod/v579073a50c63499824df5a68b8922367066583d283ef78fdade1028efdb4ceb5/developers/js/devsite_app_custom_elements_module__zh_cn.js:3739:391 @ https://www.gstatic.com/devrel-devsite/prod/v579073a50c63499824df5a68b8922367066583d283ef78fdade1028efdb4ceb5/developers/js/devsite_app_custom_elements_module__zh_cn.js:2231
[   10406ms] [ERROR] Failed to load resource: the server responded with a status of 404 () @ https://developerprofiles-pa.clients6.google.com/$rpc/google.internal.developerprofiles.v1.profile.ProfileService/GetProfile:0
[  802185ms] [INFO] Slow network is detected. See https://www.chromestatus.com/feature/5636954674692096 for more details. Fallback font will be used while loading: https://fonts.gstatic.com/s/roboto/v18/KFOmCnqEu92Fr1Mu4mxKKTU1Kg.woff2 @ https://ogs.google.com/u/0/widget/account?baea=1&amb=1&pppea=1&dpi=111881503&origin=https%3A%2F%2Fdevelopers.google.com&cn=account&pid=18&spid=331:33
[  802185ms] [INFO] Slow network is detected. See https://www.chromestatus.com/feature/5636954674692096 for more details. Fallback font will be used while loading: https://fonts.gstatic.com/s/googlesans/v62/4UaRrENHsxJlGDuGo1OIlJfC6l_24rlCK1Yo_Iq2vgCIhM907w.woff2 @ https://ogs.google.com/u/0/widget/account?baea=1&amb=1&pppea=1&dpi=111881503&origin=https%3A%2F%2Fdevelopers.google.com&cn=account&pid=18&spid=331:33
[10620429ms] [WARNING] Unrecognized DevSite custom element - DevsiteCaptcha NotSupportedError: Failed to execute 'define' on 'CustomElementRegistry': the name "devsite-captcha" has already been used with this registry
    at https://www.gstatic.com/devrel-devsite/prod/v579073a50c63499824df5a68b8922367066583d283ef78fdade1028efdb4ceb5/developers/js/devsite_app_custom_elements_module__zh_cn.js:2232:329
    at https://www.gstatic.com/devrel-devsite/prod/v579073a50c63499824df5a68b8922367066583d283ef78fdade1028efdb4ceb5/developers/js/devsite_app_custom_elements_module__zh_cn.js:3739:391 @ https://www.gstatic.com/devrel-devsite/prod/v579073a50c63499824df5a68b8922367066583d283ef78fdade1028efdb4ceb5/developers/js/devsite_app_custom_elements_module__zh_cn.js:2231
[10634475ms] [LOG] %c%s color: red; background: yellow; font-size: 24px; 警告！ @ https://www.gstatic.com/_/mss/boq-identity/_/js/k=boq-identity.AccountsSignInUi.zh_CN.ypd2mcoqBSU.es5.O/am=Kf8GAABCEUgG0P___z8AIACCaOB6FoAmEBkAAAAAAAAAALBAAAAaAQ/d=1/excm=_b,_tp,accountchooserview/ed=1/dg=0/wt=2/ujg=1/rs=AOaEmlFK0bYNsZuMQdNEHeRaKCFK1ohpAg/dti=1/m=_b,_tp:468
[10634475ms] [LOG] %c%s font-size: 18px; 使用此控制台可能会导致攻击程序利用 Self-XSS 攻击冒充您并窃取您的信息。
请勿输入或粘贴您不明白的代码。 @ https://www.gstatic.com/_/mss/boq-identity/_/js/k=boq-identity.AccountsSignInUi.zh_CN.ypd2mcoqBSU.es5.O/am=Kf8GAABCEUgG0P___z8AIACCaOB6FoAmEBkAAAAAAAAAALBAAAAaAQ/d=1/excm=_b,_tp,accountchooserview/ed=1/dg=0/wt=2/ujg=1/rs=AOaEmlFK0bYNsZuMQdNEHeRaKCFK1ohpAg/dti=1/m=_b,_tp:468
[10637593ms] [WARNING] Blocked aria-hidden on an element because its descendant retained focus. The focus must not be hidden from assistive technology users. Avoid using aria-hidden on a focused element or its ancestor. Consider using the inert attribute instead, which will also prevent focus. For more details, see the aria-hidden section of the WAI-ARIA specification at https://w3c.github.io/aria/#aria-hidden.
Element with focus: <div.sZwd7c B6Vhqe>
Ancestor with aria-hidden: <div.TdwKnf> @ https://accounts.google.com/v3/signin/identifier?continue=https%3A%2F%2Fdevelopers.google.com%2F_d%2Freturn%3Fcontinue%3Dhttps%253A%252F%252Fdevelopers.google.com%252F%253Fhl%253Dzh-cn&dsh=S-365615934%3A1776861372124838&flowEntry=ServiceLogin&flowName=GlifWebSignIn&ifkv=AT1y2_UZYVIKT787Za4jCPmEU48-Mu3LRQEJOecLaErdNsyrAhtQhWafvD9ZfWVLQECpZr-06PEHrw:0
[10638462ms] [VERBOSE] [DOM] Password field is not contained in a form: (More info: https://goo.gl/9p2vKq) %o @ https://accounts.google.com/v3/signin/identifier?continue=https%3A%2F%2Fdevelopers.google.com%2F_d%2Freturn%3Fcontinue%3Dhttps%253A%252F%252Fdevelopers.google.com%252F%253Fhl%253Dzh-cn&dsh=S-365615934%3A1776861372124838&flowEntry=ServiceLogin&flowName=GlifWebSignIn&ifkv=AT1y2_UZYVIKT787Za4jCPmEU48-Mu3LRQEJOecLaErdNsyrAhtQhWafvD9ZfWVLQECpZr-06PEHrw:0
[10647800ms] [VERBOSE] [DOM] Password field is not contained in a form: (More info: https://goo.gl/9p2vKq) %o @ https://accounts.google.com/v3/signin/challenge/pwd?TL=AIgtPP0KctXL4Gp8hcsPWmB1kYEzbNQzgkviIVsHCjtbBnrWfCh3Bu9E45PL8F-g&checkConnection&checkedDomains&cid=1&continue=https%3A%2F%2Fdevelopers.google.com%2F_d%2Freturn%3Fcontinue%3Dhttps%253A%252F%252Fdevelopers.google.com%252F%253Fhl%253Dzh-cn&dsh=S-365615934%3A1776861372124838&flowEntry=ServiceLogin&flowName=GlifWebSignIn&ifkv=AT1y2_UZYVIKT787Za4jCPmEU48-Mu3LRQEJOecLaErdNsyrAhtQhWafvD9ZfWVLQECpZr-06PEHrw&pstMsg=0:0
[10665538ms] [LOG] %c%s color: red; background: yellow; font-size: 24px; 警告！ @ https://www.gstatic.com/_/mss/boq-identity/_/js/k=boq-identity.SpeedBumpPasskeyEnrollmentUi.zh_CN.G5kCirwOGhE.es5.O/am=5z8AAEAADKD__z8QhIHOAIABAAAAAAAAAGAIACAQ/d=1/excm=_b,_tp,passkeyenrollmentview/ed=1/dg=0/wt=2/ujg=1/rs=AOaEmlH9wASJPd9UTen5UiI0Je4y4M3NkQ/dti=1/m=_b,_tp:421
[10665538ms] [LOG] %c%s font-size: 18px; 使用此控制台可能会导致攻击程序利用 Self-XSS 攻击冒充您并窃取您的信息。
请勿输入或粘贴您不明白的代码。 @ https://www.gstatic.com/_/mss/boq-identity/_/js/k=boq-identity.SpeedBumpPasskeyEnrollmentUi.zh_CN.G5kCirwOGhE.es5.O/am=5z8AAEAADKD__z8QhIHOAIABAAAAAAAAAGAIACAQ/d=1/excm=_b,_tp,passkeyenrollmentview/ed=1/dg=0/wt=2/ujg=1/rs=AOaEmlH9wASJPd9UTen5UiI0Je4y4M3NkQ/dti=1/m=_b,_tp:421
[10668101ms] [WARNING] Blocked aria-hidden on an element because its descendant retained focus. The focus must not be hidden from assistive technology users. Avoid using aria-hidden on a focused element or its ancestor. Consider using the inert attribute instead, which will also prevent focus. For more details, see the aria-hidden section of the WAI-ARIA specification at https://w3c.github.io/aria/#aria-hidden.
Element with focus: <div.sZwd7c B6Vhqe>
Ancestor with aria-hidden: <div.TdwKnf> @ https://accounts.google.com/v3/signin/speedbump/passkeyenrollment?TL=AIgtPP0KctXL4Gp8hcsPWmB1kYEzbNQzgkviIVsHCjtbBnrWfCh3Bu9E45PL8F-g&checkConnection&checkedDomains&continue=https%3A%2F%2Fdevelopers.google.com%2F_d%2Freturn%3Fcontinue%3Dhttps%253A%252F%252Fdevelopers.google.com%252F%253Fhl%253Dzh-cn&dsh=S-365615934%3A1776861372124838&flowEntry=ServiceLogin&flowName=GlifWebSignIn&ifkv=AT1y2_UZYVIKT787Za4jCPmEU48-Mu3LRQEJOecLaErdNsyrAhtQhWafvD9ZfWVLQECpZr-06PEHrw&pstMsg=0:0
[10679089ms] [WARNING] Unrecognized DevSite custom element - DevsiteCaptcha NotSupportedError: Failed to execute 'define' on 'CustomElementRegistry': the name "devsite-captcha" has already been used with this registry
    at https://www.gstatic.com/devrel-devsite/prod/v579073a50c63499824df5a68b8922367066583d283ef78fdade1028efdb4ceb5/developers/js/devsite_app_custom_elements_module__zh_cn.js:2232:329
    at https://www.gstatic.com/devrel-devsite/prod/v579073a50c63499824df5a68b8922367066583d283ef78fdade1028efdb4ceb5/developers/js/devsite_app_custom_elements_module__zh_cn.js:3739:391 @ https://www.gstatic.com/devrel-devsite/prod/v579073a50c63499824df5a68b8922367066583d283ef78fdade1028efdb4ceb5/developers/js/devsite_app_custom_elements_module__zh_cn.js:2231
[10682589ms] Uncaught (in promise) TypeError: Cannot set properties of null (setting 'textContent')
    at vC (https://www.gstatic.com/og/_/js/k=og.qtm.en_US.Z6E9e-jZ3gE.2019.O/rt=j/m=qabr,qgl,q_dnp,qcwid,qbd,qapid,qads,qrcd,q_dg/exm=qaaw,qadd,qaid,qein,qhaw,qhba,qhbr,qhch,qhga,qhid,qhin/d=1/ed=1/rs=AA2YrTtnYMWhnj_5JFE_4rY8kYjgFBEDSA:516:331)
    at MC (https://www.gstatic.com/og/_/js/k=og.qtm.en_US.Z6E9e-jZ3gE.2019.O/rt=j/m=qabr,qgl,q_dnp,qcwid,qbd,qapid,qads,qrcd,q_dg/exm=qaaw,qadd,qaid,qein,qhaw,qhba,qhbr,qhch,qhga,qhid,qhin/d=1/ed=1/rs=AA2YrTtnYMWhnj_5JFE_4rY8kYjgFBEDSA:518:320)
    at _.RC (https://www.gstatic.com/og/_/js/k=og.qtm.en_US.Z6E9e-jZ3gE.2019.O/rt=j/m=qabr,qgl,q_dnp,qcwid,qbd,qapid,qads,qrcd,q_dg/exm=qaaw,qadd,qaid,qein,qhaw,qhba,qhbr,qhch,qhga,qhid,qhin/d=1/ed=1/rs=AA2YrTtnYMWhnj_5JFE_4rY8kYjgFBEDSA:466:64)
    at start (https://www.gstatic.com/og/_/js/k=og.qtm.en_US.Z6E9e-jZ3gE.2019.O/rt=j/m=qabr,qgl,q_dnp,qcwid,qbd,qapid,qads,qrcd,q_dg/exm=qaaw,qadd,qaid,qein,qhaw,qhba,qhbr,qhch,qhga,qhid,qhin/d=1/ed=1/rs=AA2YrTtnYMWhnj_5JFE_4rY8kYjgFBEDSA:626:343)
[10684915ms] [ERROR] Failed to load resource: the server responded with a status of 401 () @ https://developerprofiles-pa.clients6.google.com/v1/profiles/111241253634302055982/paths:summarize?access_token&readMask=updatedPagesSinceAck&key=AIzaSyAP-jjEJBzmIyKR4F-3XITp8yM9T1gEEI8&%24unique=gc537:0
[10685483ms] [ERROR] Failed to load resource: the server responded with a status of 401 () @ https://feedback-pa.clients6.google.com/v1/survey/trigger?key=AIzaSyCCxcqdrZ_7QMeLCRY20bh_SXdAYqy70KY:0
[10685718ms] [ERROR] Failed to load resource: the server responded with a status of 401 () @ https://developerprofiles-pa.clients6.google.com/$rpc/google.internal.developerprofiles.v1.profile.ProfileService/GetNotification:0
[10689823ms] [ERROR] Failed to load resource: the server responded with a status of 401 () @ https://developers.clients6.google.com/$rpc/google.developers.v1beta1.DeveloperProfilesService/LogInteractionEvents:0
[10692427ms] [ERROR] Failed to load resource: the server responded with a status of 401 () @ https://developers.clients6.google.com/$rpc/google.developers.v1beta1.DeveloperProfilesService/LogInteractionEvents:0
